#
# There is insufficient memory for the Java Runtime Environment to continue.
# Native memory allocation (malloc) failed to allocate 32744 bytes for Chunk::new
# Possible reasons:
#   The system is out of physical RAM or swap space
#   The process is running with CompressedOops enabled, and the Java Heap may be blocking the growth of the native heap
# Possible solutions:
#   Reduce memory load on the system
#   Increase physical memory or swap space
#   Check if swap backing store is full
#   Decrease Java heap size (-Xmx/-Xms)
#   Decrease number of Java threads
#   Decrease Java thread stack sizes (-Xss)
#   Set larger code cache with -XX:ReservedCodeCacheSize=
#   JVM is running with Unscaled Compressed Oops mode in which the Java heap is
#     placed in the first 4GB address space. The Java Heap base address is the
#     maximum limit for the native heap growth. Please use -XX:HeapBaseMinAddress
#     to set the Java Heap base and to place the Java Heap above 4GB virtual address.
# This output file may be truncated or incomplete.
#
#  Out of Memory Error (arena.cpp:184), pid=2536, tid=8712
#
# JRE version: Java(TM) SE Runtime Environment (18.0.1.1+2) (build 18.0.1.1+2-6)
# Java VM: Java HotSpot(TM) 64-Bit Server VM (18.0.1.1+2-6, mixed mode, sharing, tiered, compressed oops, compressed class ptrs, serial gc, windows-amd64)
# No core dump will be written. Minidumps are not enabled by default on client versions of Windows
#

---------------  S U M M A R Y ------------

Command Line: -javaagent:C:\Program Files\JetBrains\IntelliJ IDEA Community Edition 2022.1.2\lib\idea_rt.jar=59635:C:\Program Files\JetBrains\IntelliJ IDEA Community Edition 2022.1.2\bin -Dfile.encoding=UTF-8 SalesInvoiceGenerator.SIG

Host: Intel(R) Core(TM) i5-3230M CPU @ 2.60GHz, 4 cores, 1G,  Windows 10 , 64 bit Build 19041 (10.0.19041.1741)
Time: Fri Jun 24 12:38:22 2022 Egypt Standard Time elapsed time: 21.616764 seconds (0d 0h 0m 21s)

---------------  T H R E A D  ---------------

Current thread (0x000001536bddfeb0):  JavaThread "C1 CompilerThread0" daemon [_thread_in_native, id=8712, stack(0x00000005c9100000,0x00000005c9200000)]


Current CompileTask:
C1:  21616 1661   !   3       java.util.concurrent.FutureTask::run (123 bytes)

Stack: [0x00000005c9100000,0x00000005c9200000]
Native frames: (J=compiled Java code, j=interpreted, Vv=VM code, C=native code)
V  [jvm.dll+0x69887a]
V  [jvm.dll+0x7f38bd]
V  [jvm.dll+0x7f51ce]
V  [jvm.dll+0x7f5883]
V  [jvm.dll+0x25ca3f]
V  [jvm.dll+0xb8c2f]
V  [jvm.dll+0xb8fa5]
V  [jvm.dll+0x1613ac]
V  [jvm.dll+0x18f7d5]
V  [jvm.dll+0x148df3]
V  [jvm.dll+0x1486cf]
V  [jvm.dll+0x148926]
V  [jvm.dll+0x147d9a]
V  [jvm.dll+0x149a81]
V  [jvm.dll+0x23e8ca]
V  [jvm.dll+0x23cbb5]
V  [jvm.dll+0x7a5fb1]
V  [jvm.dll+0x7a03ea]
V  [jvm.dll+0x697725]
C  [ucrtbase.dll+0x21bb2]
C  [KERNEL32.DLL+0x17034]
C  [ntdll.dll+0x52651]


---------------  P R O C E S S  ---------------

Threads class SMR info:
_java_thread_list=0x0000015378b60e30, length=19, elements={
0x000001536bdb9300, 0x000001536bdbb160, 0x000001536bdd0260, 0x000001536bdd18b0,
0x000001536bdd2620, 0x000001536bdda920, 0x000001536bdded70, 0x000001536bddfeb0,
0x000001536bde1720, 0x000001536ba07510, 0x000001537786f960, 0x0000015377871e30,
0x0000015377a10ee0, 0x0000015377a4e8c0, 0x0000015377a20aa0, 0x0000015377aa4a80,
0x000001537865ed10, 0x000001537865e840, 0x000001537865f1e0
}

Java Threads: ( => current thread )
  0x000001536bdb9300 JavaThread "Reference Handler" daemon [_thread_blocked, id=7672, stack(0x00000005c8a00000,0x00000005c8b00000)]
  0x000001536bdbb160 JavaThread "Finalizer" daemon [_thread_blocked, id=7972, stack(0x00000005c8b00000,0x00000005c8c00000)]
  0x000001536bdd0260 JavaThread "Signal Dispatcher" daemon [_thread_blocked, id=6512, stack(0x00000005c8c00000,0x00000005c8d00000)]
  0x000001536bdd18b0 JavaThread "Attach Listener" daemon [_thread_blocked, id=1116, stack(0x00000005c8d00000,0x00000005c8e00000)]
  0x000001536bdd2620 JavaThread "Service Thread" daemon [_thread_blocked, id=3428, stack(0x00000005c8e00000,0x00000005c8f00000)]
  0x000001536bdda920 JavaThread "Monitor Deflation Thread" daemon [_thread_blocked, id=4120, stack(0x00000005c8f00000,0x00000005c9000000)]
  0x000001536bdded70 JavaThread "C2 CompilerThread0" daemon [_thread_blocked, id=7444, stack(0x00000005c9000000,0x00000005c9100000)]
=>0x000001536bddfeb0 JavaThread "C1 CompilerThread0" daemon [_thread_in_native, id=8712, stack(0x00000005c9100000,0x00000005c9200000)]
  0x000001536bde1720 JavaThread "Sweeper thread" daemon [_thread_blocked, id=2316, stack(0x00000005c9200000,0x00000005c9300000)]
  0x000001536ba07510 JavaThread "Common-Cleaner" daemon [_thread_blocked, id=8060, stack(0x00000005c9300000,0x00000005c9400000)]
  0x000001537786f960 JavaThread "Monitor Ctrl-Break" daemon [_thread_in_native, id=6688, stack(0x00000005c9400000,0x00000005c9500000)]
  0x0000015377871e30 JavaThread "Notification Thread" daemon [_thread_blocked, id=6364, stack(0x00000005c9500000,0x00000005c9600000)]
  0x0000015377a10ee0 JavaThread "Java2D Disposer" daemon [_thread_blocked, id=2624, stack(0x00000005c9700000,0x00000005c9800000)]
  0x0000015377a4e8c0 JavaThread "AWT-Shutdown" [_thread_blocked, id=3292, stack(0x00000005c9800000,0x00000005c9900000)]
  0x0000015377a20aa0 JavaThread "AWT-Windows" daemon [_thread_in_native, id=5396, stack(0x00000005c9900000,0x00000005c9a00000)]
  0x0000015377aa4a80 JavaThread "AWT-EventQueue-0" [_thread_in_vm, id=2164, stack(0x00000005c9a00000,0x00000005c9b00000)]
  0x000001537865ed10 JavaThread "DestroyJavaVM" [_thread_blocked, id=9108, stack(0x00000005c8800000,0x00000005c8900000)]
  0x000001537865e840 JavaThread "TimerQueue" daemon [_thread_blocked, id=6864, stack(0x00000005c9e00000,0x00000005c9f00000)]
  0x000001537865f1e0 JavaThread "Swing-Shell" daemon [_thread_blocked, id=4616, stack(0x00000005ca000000,0x00000005ca100000)]

Other Threads:
  0x000001536bdb6350 VMThread "VM Thread" [stack: 0x00000005c8900000,0x00000005c8a00000] [id=5772]
  0x0000015377850b30 WatcherThread "VM Periodic Task Thread" [stack: 0x00000005c9600000,0x00000005c9700000] [id=2260]

Threads with active compile tasks:
C1 CompilerThread0    21681 1661   !   3       java.util.concurrent.FutureTask::run (123 bytes)

VM state: not at safepoint (normal execution)

VM Mutex/Monitor currently owned by a thread: None

Heap address: 0x00000000e5400000, size: 428 MB, Compressed Oops mode: 32-bit

CDS archive(s) mapped at: [0x0000000800000000-0x0000000800ba0000-0x0000000800ba0000), size 12189696, SharedBaseAddress: 0x0000000800000000, ArchiveRelocationMode: 0.
Compressed class space mapped at: 0x0000000800c00000-0x0000000840c00000, reserved size: 1073741824
Narrow klass base: 0x0000000800000000, Narrow klass shift: 0, Narrow klass range: 0x100000000

GC Precious Log:
 CardTable entry size: 512
 CPUs: 4 total, 4 available
 Memory: 1709M
 Large Page Support: Disabled
 NUMA Support: Disabled
 Compressed Oops: Enabled (32-bit)
 Heap Min Capacity: 8M
 Heap Initial Capacity: 28M
 Heap Max Capacity: 428M
 Pre-touch: Disabled

Heap:
 def new generation   total 8640K, used 4467K [0x00000000e5400000, 0x00000000e5d50000, 0x00000000ee2a0000)
  eden space 7744K,  53% used [0x00000000e5400000, 0x00000000e5804d78, 0x00000000e5b90000)
  from space 896K,  39% used [0x00000000e5b90000, 0x00000000e5be8270, 0x00000000e5c70000)
  to   space 896K,   0% used [0x00000000e5c70000, 0x00000000e5c70000, 0x00000000e5d50000)
 tenured generation   total 19136K, used 4861K [0x00000000ee2a0000, 0x00000000ef550000, 0x0000000100000000)
   the space 19136K,  25% used [0x00000000ee2a0000, 0x00000000ee75f590, 0x00000000ee75f600, 0x00000000ef550000)
 Metaspace       used 11824K, committed 12032K, reserved 1114112K
  class space    used 1385K, committed 1536K, reserved 1048576K

Card table byte_map: [0x000001536b720000,0x000001536b800000] _byte_map_base: 0x000001536aff6000

Polling page: 0x000001536b510000

Metaspace:

Usage:
  Non-class:     10.19 MB used.
      Class:      1.35 MB used.
       Both:     11.55 MB used.

Virtual space:
  Non-class space:       64.00 MB reserved,      10.25 MB ( 16%) committed,  1 nodes.
      Class space:        1.00 GB reserved,       1.50 MB ( <1%) committed,  1 nodes.
             Both:        1.06 GB reserved,      11.75 MB (  1%) committed. 

Chunk freelists:
   Non-Class:  1.00 MB
       Class:  2.56 MB
        Both:  3.56 MB

MaxMetaspaceSize: unlimited
CompressedClassSpaceSize: 1.00 GB
Initial GC threshold: 21.00 MB
Current GC threshold: 21.00 MB
CDS: on
MetaspaceReclaimPolicy: balanced
 - commit_granule_bytes: 65536.
 - commit_granule_words: 8192.
 - virtual_space_node_default_size: 8388608.
 - enlarge_chunks_in_place: 1.
 - new_chunks_are_fully_committed: 0.
 - uncommit_free_chunks: 1.
 - use_allocation_guard: 0.


Internal statistics:

num_allocs_failed_limit: 0.
num_arena_births: 150.
num_arena_deaths: 0.
num_vsnodes_births: 2.
num_vsnodes_deaths: 0.
num_space_committed: 188.
num_space_uncommitted: 0.
num_chunks_returned_to_freelist: 0.
num_chunks_taken_from_freelist: 218.
num_chunk_merges: 0.
num_chunk_splits: 120.
num_chunks_enlarged: 47.
num_inconsistent_stats: 0.

CodeHeap 'non-profiled nmethods': size=120000Kb used=430Kb max_used=430Kb free=119570Kb
 bounds [0x0000015307ad0000, 0x0000015307d40000, 0x000001530f000000]
CodeHeap 'profiled nmethods': size=120000Kb used=2871Kb max_used=2871Kb free=117128Kb
 bounds [0x00000153005a0000, 0x0000015300870000, 0x0000015307ad0000]
CodeHeap 'non-nmethods': size=5760Kb used=1306Kb max_used=1323Kb free=4453Kb
 bounds [0x0000015300000000, 0x0000015300270000, 0x00000153005a0000]
 total_blobs=2292 nmethods=1659 adapters=547
 compilation: enabled
              stopped_count=0, restarted_count=0
 full_count=0

Compilation events (20 events):
Event: 20.835 Thread 0x000001536bdded70 nmethod 1651 0x0000015307b3a310 code [0x0000015307b3a480, 0x0000015307b3a518]
Event: 20.914 Thread 0x000001536bdded70 1652       4       java.util.concurrent.locks.AbstractQueuedSynchronizer$Node::setPrevRelaxed (12 bytes)
Event: 20.915 Thread 0x000001536bdded70 nmethod 1652 0x0000015307b3a610 code [0x0000015307b3a780, 0x0000015307b3a818]
Event: 20.915 Thread 0x000001536bdded70 1653       4       java.util.concurrent.locks.AbstractQueuedSynchronizer::casTail (13 bytes)
Event: 20.916 Thread 0x000001536bdded70 nmethod 1653 0x0000015307b3a910 code [0x0000015307b3aa80, 0x0000015307b3ab38]
Event: 21.083 Thread 0x000001536bddfeb0 1654       3       java.awt.KeyboardFocusManager::checkKFMSecurity (11 bytes)
Event: 21.084 Thread 0x000001536bddfeb0 nmethod 1654 0x000001530086d090 code [0x000001530086d260, 0x000001530086d598]
Event: 21.090 Thread 0x000001536bdded70 1655       4       java.util.concurrent.locks.ReentrantLock$Sync::isHeldExclusively (16 bytes)
Event: 21.091 Thread 0x000001536bdded70 nmethod 1655 0x0000015307b3ac10 code [0x0000015307b3ad80, 0x0000015307b3ae38]
Event: 21.563 Thread 0x000001536bddfeb0 1656       1       javax.swing.AbstractButton::getHorizontalAlignment (5 bytes)
Event: 21.563 Thread 0x000001536bddfeb0 nmethod 1656 0x0000015307b3af10 code [0x0000015307b3b0a0, 0x0000015307b3b178]
Event: 21.563 Thread 0x000001536bddfeb0 1657       1       javax.swing.AbstractButton::getVerticalTextPosition (5 bytes)
Event: 21.564 Thread 0x000001536bddfeb0 nmethod 1657 0x0000015307b3b210 code [0x0000015307b3b3a0, 0x0000015307b3b478]
Event: 21.564 Thread 0x000001536bddfeb0 1658       1       javax.swing.AbstractButton::getHorizontalTextPosition (5 bytes)
Event: 21.564 Thread 0x000001536bddfeb0 nmethod 1658 0x0000015307b3b510 code [0x0000015307b3b6a0, 0x0000015307b3b778]
Event: 21.584 Thread 0x000001536bddfeb0 1659       3       java.awt.Rectangle::setLocation (7 bytes)
Event: 21.584 Thread 0x000001536bddfeb0 nmethod 1659 0x000001530086d710 code [0x000001530086d8a0, 0x000001530086da98]
Event: 21.584 Thread 0x000001536bddfeb0 1660       3       java.awt.Rectangle::move (11 bytes)
Event: 21.601 Thread 0x000001536bddfeb0 nmethod 1660 0x000001530086db90 code [0x000001530086dd20, 0x000001530086de38]
Event: 21.605 Thread 0x000001536bddfeb0 1661   !   3       java.util.concurrent.FutureTask::run (123 bytes)

GC Heap History (4 events):
Event: 2.556 GC heap before
{Heap before GC invocations=0 (full 0):
 def new generation   total 8640K, used 7205K [0x00000000e5400000, 0x00000000e5d50000, 0x00000000ee2a0000)
  eden space 7744K,  93% used [0x00000000e5400000, 0x00000000e5b09738, 0x00000000e5b90000)
  from space 896K,   0% used [0x00000000e5b90000, 0x00000000e5b90000, 0x00000000e5c70000)
  to   space 896K,   0% used [0x00000000e5c70000, 0x00000000e5c70000, 0x00000000e5d50000)
 tenured generation   total 19136K, used 0K [0x00000000ee2a0000, 0x00000000ef550000, 0x0000000100000000)
   the space 19136K,   0% used [0x00000000ee2a0000, 0x00000000ee2a0000, 0x00000000ee2a0200, 0x00000000ef550000)
 Metaspace       used 8937K, committed 9152K, reserved 1114112K
  class space    used 1019K, committed 1088K, reserved 1048576K
}
Event: 2.572 GC heap after
{Heap after GC invocations=1 (full 0):
 def new generation   total 8640K, used 896K [0x00000000e5400000, 0x00000000e5d50000, 0x00000000ee2a0000)
  eden space 7744K,   0% used [0x00000000e5400000, 0x00000000e5400000, 0x00000000e5b90000)
  from space 896K, 100% used [0x00000000e5c70000, 0x00000000e5d50000, 0x00000000e5d50000)
  to   space 896K,   0% used [0x00000000e5b90000, 0x00000000e5b90000, 0x00000000e5c70000)
 tenured generation   total 19136K, used 1805K [0x00000000ee2a0000, 0x00000000ef550000, 0x0000000100000000)
   the space 19136K,   9% used [0x00000000ee2a0000, 0x00000000ee4634a0, 0x00000000ee463600, 0x00000000ef550000)
 Metaspace       used 8937K, committed 9152K, reserved 1114112K
  class space    used 1019K, committed 1088K, reserved 1048576K
}
Event: 21.585 GC heap before
{Heap before GC invocations=1 (full 0):
 def new generation   total 8640K, used 6715K [0x00000000e5400000, 0x00000000e5d50000, 0x00000000ee2a0000)
  eden space 7744K,  75% used [0x00000000e5400000, 0x00000000e59aedb8, 0x00000000e5b90000)
  from space 896K, 100% used [0x00000000e5c70000, 0x00000000e5d50000, 0x00000000e5d50000)
  to   space 896K,   0% used [0x00000000e5b90000, 0x00000000e5b90000, 0x00000000e5c70000)
 tenured generation   total 19136K, used 1805K [0x00000000ee2a0000, 0x00000000ef550000, 0x0000000100000000)
   the space 19136K,   9% used [0x00000000ee2a0000, 0x00000000ee4634a0, 0x00000000ee463600, 0x00000000ef550000)
 Metaspace       used 11815K, committed 12032K, reserved 1114112K
  class space    used 1384K, committed 1536K, reserved 1048576K
}
Event: 21.601 GC heap after
{Heap after GC invocations=2 (full 0):
 def new generation   total 8640K, used 352K [0x00000000e5400000, 0x00000000e5d50000, 0x00000000ee2a0000)
  eden space 7744K,   0% used [0x00000000e5400000, 0x00000000e5400000, 0x00000000e5b90000)
  from space 896K,  39% used [0x00000000e5b90000, 0x00000000e5be8270, 0x00000000e5c70000)
  to   space 896K,   0% used [0x00000000e5c70000, 0x00000000e5c70000, 0x00000000e5d50000)
 tenured generation   total 19136K, used 4861K [0x00000000ee2a0000, 0x00000000ef550000, 0x0000000100000000)
   the space 19136K,  25% used [0x00000000ee2a0000, 0x00000000ee75f590, 0x00000000ee75f600, 0x00000000ef550000)
 Metaspace       used 11815K, committed 12032K, reserved 1114112K
  class space    used 1384K, committed 1536K, reserved 1048576K
}

Deoptimization events (20 events):
Event: 2.410 Thread 0x000001536bd3cca0 Uncommon trap: trap_request=0xffffff45 fr.pc=0x0000015307afdbcc relative=0x00000000000006cc
Event: 2.410 Thread 0x000001536bd3cca0 Uncommon trap: reason=unstable_if action=reinterpret pc=0x0000015307afdbcc method=java.util.HashMap.putVal(ILjava/lang/Object;Ljava/lang/Object;ZZ)Ljava/lang/Object; @ 181 c2
Event: 2.410 Thread 0x000001536bd3cca0 DEOPT PACKING pc=0x0000015307afdbcc sp=0x00000005c88fdf60
Event: 2.410 Thread 0x000001536bd3cca0 DEOPT UNPACKING pc=0x00000153000520a3 sp=0x00000005c88fde68 mode 2
Event: 6.721 Thread 0x0000015377aa4a80 Uncommon trap: trap_request=0xffffffde fr.pc=0x0000015307adac14 relative=0x0000000000000194
Event: 6.721 Thread 0x0000015377aa4a80 Uncommon trap: reason=class_check action=maybe_recompile pc=0x0000015307adac14 method=java.lang.String.equals(Ljava/lang/Object;)Z @ 8 c2
Event: 6.721 Thread 0x0000015377aa4a80 DEOPT PACKING pc=0x0000015307adac14 sp=0x00000005c9afd650
Event: 6.721 Thread 0x0000015377aa4a80 DEOPT UNPACKING pc=0x00000153000520a3 sp=0x00000005c9afd5f8 mode 2
Event: 6.736 Thread 0x0000015377aa4a80 Uncommon trap: trap_request=0xffffffde fr.pc=0x0000015307adac14 relative=0x0000000000000194
Event: 6.736 Thread 0x0000015377aa4a80 Uncommon trap: reason=class_check action=maybe_recompile pc=0x0000015307adac14 method=java.lang.String.equals(Ljava/lang/Object;)Z @ 8 c2
Event: 6.736 Thread 0x0000015377aa4a80 DEOPT PACKING pc=0x0000015307adac14 sp=0x00000005c9afd650
Event: 6.736 Thread 0x0000015377aa4a80 DEOPT UNPACKING pc=0x00000153000520a3 sp=0x00000005c9afd5f8 mode 2
Event: 6.739 Thread 0x0000015377aa4a80 Uncommon trap: trap_request=0xffffffde fr.pc=0x0000015307adac14 relative=0x0000000000000194
Event: 6.739 Thread 0x0000015377aa4a80 Uncommon trap: reason=class_check action=maybe_recompile pc=0x0000015307adac14 method=java.lang.String.equals(Ljava/lang/Object;)Z @ 8 c2
Event: 6.739 Thread 0x0000015377aa4a80 DEOPT PACKING pc=0x0000015307adac14 sp=0x00000005c9afd650
Event: 6.739 Thread 0x0000015377aa4a80 DEOPT UNPACKING pc=0x00000153000520a3 sp=0x00000005c9afd5f8 mode 2
Event: 6.740 Thread 0x0000015377aa4a80 Uncommon trap: trap_request=0xffffffde fr.pc=0x0000015307adac14 relative=0x0000000000000194
Event: 6.740 Thread 0x0000015377aa4a80 Uncommon trap: reason=class_check action=maybe_recompile pc=0x0000015307adac14 method=java.lang.String.equals(Ljava/lang/Object;)Z @ 8 c2
Event: 6.740 Thread 0x0000015377aa4a80 DEOPT PACKING pc=0x0000015307adac14 sp=0x00000005c9afd650
Event: 6.740 Thread 0x0000015377aa4a80 DEOPT UNPACKING pc=0x00000153000520a3 sp=0x00000005c9afd5f8 mode 2

Classes loaded (20 events):
Event: 13.027 Loading class javax/swing/plaf/basic/BasicDirectoryModel$DoChangeContents
Event: 13.027 Loading class javax/swing/plaf/basic/BasicDirectoryModel$DoChangeContents done
Event: 15.918 Loading class javax/swing/plaf/BorderUIResource$LineBorderUIResource
Event: 15.919 Loading class javax/swing/plaf/BorderUIResource$LineBorderUIResource done
Event: 16.147 Loading class java/awt/KeyboardFocusManager$2
Event: 16.148 Loading class java/awt/KeyboardFocusManager$2 done
Event: 16.148 Loading class sun/awt/SunToolkit$1
Event: 16.148 Loading class sun/awt/SunToolkit$1 done
Event: 16.158 Loading class java/awt/Window$1DisposeAction
Event: 16.158 Loading class java/awt/Window$1DisposeAction done
Event: 18.788 Loading class javax/swing/JTable$CellEditorRemover
Event: 18.788 Loading class javax/swing/JTable$CellEditorRemover done
Event: 18.788 Loading class javax/swing/JTable$GenericEditor
Event: 18.789 Loading class javax/swing/JTable$GenericEditor done
Event: 18.790 Loading class javax/swing/DefaultCellEditor$1
Event: 18.790 Loading class javax/swing/DefaultCellEditor$EditorDelegate
Event: 18.791 Loading class javax/swing/DefaultCellEditor$EditorDelegate done
Event: 18.791 Loading class javax/swing/DefaultCellEditor$1 done
Event: 21.602 Loading class sun/awt/shell/Win32ShellFolder2$FolderDisposer$1
Event: 21.602 Loading class sun/awt/shell/Win32ShellFolder2$FolderDisposer$1 done

Classes unloaded (0 events):
No events

Classes redefined (0 events):
No events

Internal exceptions (18 events):
Event: 0.779 Thread 0x000001536bd3cca0 Exception <a 'java/lang/NoSuchMethodError'{0x00000000e5585c60}: 'void java.lang.invoke.DirectMethodHandle$Holder.invokeStatic(java.lang.Object, java.lang.Object, java.lang.Object)'> (0x00000000e5585c60) 
thrown [s\open\src\hotspot\share\interpreter\linkResolver.cpp, line 766]
Event: 0.794 Thread 0x000001536bd3cca0 Exception <a 'java/lang/NoSuchMethodError'{0x00000000e559ebc0}: 'java.lang.Object java.lang.invoke.Invokers$Holder.invokeExact_MT(java.lang.Object, java.lang.Object, java.lang.Object, java.lang.Object, java.lang.Object)'> (0x00000000e559ebc0) 
thrown [s\open\src\hotspot\share\interpreter\linkResolver.cpp, line 766]
Event: 0.866 Thread 0x000001537786f960 Exception <a 'java/lang/NoSuchMethodError'{0x00000000e55b9590}: 'void java.lang.invoke.DirectMethodHandle$Holder.invokeStatic(java.lang.Object, java.lang.Object)'> (0x00000000e55b9590) 
thrown [s\open\src\hotspot\share\interpreter\linkResolver.cpp, line 766]
Event: 0.909 Thread 0x000001536bd3cca0 Exception <a 'java/lang/ClassNotFoundException'{0x00000000e55e5988}: sun/awt/resources/spi/awtProvider> (0x00000000e55e5988) 
thrown [s\open\src\hotspot\share\classfile\systemDictionary.cpp, line 255]
Event: 0.975 Thread 0x000001536bd3cca0 Exception <a 'java/io/FileNotFoundException'{0x00000000e5636d78}> (0x00000000e5636d78) 
thrown [s\open\src\hotspot\share\prims\jni.cpp, line 516]
Event: 0.991 Thread 0x000001536bd3cca0 Exception <a 'java/io/FileNotFoundException'{0x00000000e5663da8}> (0x00000000e5663da8) 
thrown [s\open\src\hotspot\share\prims\jni.cpp, line 516]
Event: 1.136 Thread 0x000001536bd3cca0 Exception <a 'java/lang/NoSuchMethodError'{0x00000000e56a7568}: 'java.lang.Object java.lang.invoke.DirectMethodHandle$Holder.invokeStaticInit(java.lang.Object)'> (0x00000000e56a7568) 
thrown [s\open\src\hotspot\share\interpreter\linkResolver.cpp, line 766]
Event: 1.262 Thread 0x000001536bd3cca0 Exception <a 'java/lang/NoSuchMethodError'{0x00000000e5717480}: 'void java.lang.invoke.DirectMethodHandle$Holder.invokeSpecial(java.lang.Object, java.lang.Object, java.lang.Object)'> (0x00000000e5717480) 
thrown [s\open\src\hotspot\share\interpreter\linkResolver.cpp, line 766]
Event: 1.289 Thread 0x000001536bd3cca0 Exception <a 'java/lang/NoSuchMethodError'{0x00000000e5742390}: 'java.lang.Object java.lang.invoke.DirectMethodHandle$Holder.newInvokeSpecial(java.lang.Object, java.lang.Object, java.lang.Object, java.lang.Object, java.lang.Object)'> (0x00000000e5742390) 
thrown [s\open\src\hotspot\share\interpreter\linkResolver.cpp, line 766]
Event: 1.309 Thread 0x000001536bd3cca0 Exception <a 'java/lang/NoSuchMethodError'{0x00000000e5773ef8}: 'java.lang.Object java.lang.invoke.DirectMethodHandle$Holder.invokeStatic(java.lang.Object, int, java.lang.Object)'> (0x00000000e5773ef8) 
thrown [s\open\src\hotspot\share\interpreter\linkResolver.cpp, line 766]
Event: 1.378 Thread 0x000001536bd3cca0 Exception <a 'java/lang/ClassNotFoundException'{0x00000000e58315b0}: com/sun/swing/internal/plaf/metal/resources/spi/metalProvider> (0x00000000e58315b0) 
thrown [s\open\src\hotspot\share\classfile\systemDictionary.cpp, line 255]
Event: 1.380 Thread 0x000001536bd3cca0 Exception <a 'java/lang/ClassNotFoundException'{0x00000000e5835638}: com/sun/swing/internal/plaf/basic/resources/spi/basicProvider> (0x00000000e5835638) 
thrown [s\open\src\hotspot\share\classfile\systemDictionary.cpp, line 255]
Event: 1.417 Thread 0x000001536bd3cca0 Exception <a 'java/lang/NoSuchMethodError'{0x00000000e5852820}: 'int java.lang.invoke.Invokers$Holder.invokeExact_MT(java.lang.Object, java.lang.Object)'> (0x00000000e5852820) 
thrown [s\open\src\hotspot\share\interpreter\linkResolver.cpp, line 766]
Event: 1.815 Thread 0x000001536bdd18b0 Exception <a 'java/lang/NoSuchMethodError'{0x00000000e59e0760}: 'java.lang.Object java.lang.invoke.Invokers$Holder.invokeExact_MT(java.lang.Object, java.lang.Object, java.lang.Object, java.lang.Object, java.lang.Object, java.lang.Object)'> (0x00000000e59e0760) 
thrown [s\open\src\hotspot\share\interpreter\linkResolver.cpp, line 766]
Event: 2.165 Thread 0x000001536bd3cca0 Exception <a 'java/lang/NoSuchMethodError'{0x00000000e5a471a8}: 'void java.lang.invoke.DirectMethodHandle$Holder.invokeStaticInit(java.lang.Object)'> (0x00000000e5a471a8) 
thrown [s\open\src\hotspot\share\interpreter\linkResolver.cpp, line 766]
Event: 2.527 Thread 0x0000015377a20aa0 Exception <a 'java/lang/NoSuchMethodError'{0x00000000e56d16c0}: 'void java.lang.invoke.DirectMethodHandle$Holder.invokeVirtual(java.lang.Object, java.lang.Object)'> (0x00000000e56d16c0) 
thrown [s\open\src\hotspot\share\interpreter\linkResolver.cpp, line 766]
Event: 7.666 Thread 0x0000015378660050 Exception <a 'java/lang/NoSuchMethodError'{0x00000000e56e20e8}: 'java.lang.Object java.lang.invoke.DirectMethodHandle$Holder.newInvokeSpecial(java.lang.Object, java.lang.Object, java.lang.Object, int, int, int, int, int)'> (0x00000000e56e20e8) 
thrown [s\open\src\hotspot\share\interpreter\linkResolver.cpp, line 766]
Event: 8.472 Thread 0x0000015377aa4a80 Exception <a 'java/lang/NoSuchMethodError'{0x00000000e57b8fa8}: 'int java.lang.invoke.DirectMethodHandle$Holder.invokeStatic(java.lang.Object)'> (0x00000000e57b8fa8) 
thrown [s\open\src\hotspot\share\interpreter\linkResolver.cpp, line 766]

VM Operations (20 events):
Event: 11.721 Executing VM operation: Cleanup
Event: 11.721 Executing VM operation: Cleanup done
Event: 12.726 Executing VM operation: Cleanup
Event: 12.726 Executing VM operation: Cleanup done
Event: 13.728 Executing VM operation: Cleanup
Event: 13.728 Executing VM operation: Cleanup done
Event: 14.741 Executing VM operation: Cleanup
Event: 14.741 Executing VM operation: Cleanup done
Event: 15.756 Executing VM operation: Cleanup
Event: 15.756 Executing VM operation: Cleanup done
Event: 16.772 Executing VM operation: Cleanup
Event: 16.772 Executing VM operation: Cleanup done
Event: 18.790 Executing VM operation: Cleanup
Event: 18.791 Executing VM operation: Cleanup done
Event: 19.793 Executing VM operation: Cleanup
Event: 19.793 Executing VM operation: Cleanup done
Event: 20.808 Executing VM operation: Cleanup
Event: 20.808 Executing VM operation: Cleanup done
Event: 21.585 Executing VM operation: GenCollectForAllocation
Event: 21.601 Executing VM operation: GenCollectForAllocation done

Events (20 events):
Event: 1.139 Thread 0x0000015377a10ee0 Thread added: 0x0000015377a10ee0
Event: 1.141 Thread 0x0000015377a4e8c0 Thread added: 0x0000015377a4e8c0
Event: 1.144 Thread 0x0000015377a20aa0 Thread added: 0x0000015377a20aa0
Event: 1.735 Thread 0x0000015377aa4a80 Thread added: 0x0000015377aa4a80
Event: 2.187 Loaded shared library C:\Program Files\Java\jdk-18.0.1.1\bin\freetype.dll
Event: 2.196 Loaded shared library C:\Program Files\Java\jdk-18.0.1.1\bin\fontmanager.dll
Event: 2.531 Thread 0x000001536bd3cca0 Thread exited: 0x000001536bd3cca0
Event: 2.531 Thread 0x000001537865ed10 Thread added: 0x000001537865ed10
Event: 5.464 Thread 0x000001537865e840 Thread added: 0x000001537865e840
Event: 7.661 Thread 0x0000015378660050 Thread added: 0x0000015378660050
Event: 7.747 Thread 0x000001537865f1e0 Thread added: 0x000001537865f1e0
Event: 8.418 Thread 0x000001537865fb80 Thread added: 0x000001537865fb80
Event: 8.420 Thread 0x000001537865fb80 Thread exited: 0x000001537865fb80
Event: 8.456 Thread 0x000001537865fb80 Thread added: 0x000001537865fb80
Event: 8.457 Thread 0x000001537865fb80 Thread exited: 0x000001537865fb80
Event: 12.680 Thread 0x0000015378660050 Thread exited: 0x0000015378660050
Event: 13.009 Thread 0x0000015378660050 Thread added: 0x0000015378660050
Event: 13.014 Thread 0x0000015378829d30 Thread added: 0x0000015378829d30
Event: 13.027 Thread 0x0000015378660050 Thread exited: 0x0000015378660050
Event: 18.009 Thread 0x0000015378829d30 Thread exited: 0x0000015378829d30


Dynamic libraries:
0x00007ff641990000 - 0x00007ff6419a0000 	C:\Program Files\Java\jdk-18.0.1.1\bin\java.exe
0x00007ffdde310000 - 0x00007ffdde507000 	C:\Windows\SYSTEM32\ntdll.dll
0x00007ffddd600000 - 0x00007ffddd6bd000 	C:\Windows\System32\KERNEL32.DLL
0x00007ffddbfc0000 - 0x00007ffddc28d000 	C:\Windows\System32\KERNELBASE.dll
0x00007ffddbb60000 - 0x00007ffddbc60000 	C:\Windows\System32\ucrtbase.dll
0x00007ffdd6330000 - 0x00007ffdd6348000 	C:\Program Files\Java\jdk-18.0.1.1\bin\jli.dll
0x00007ffdd6310000 - 0x00007ffdd632a000 	C:\Program Files\Java\jdk-18.0.1.1\bin\VCRUNTIME140.dll
0x00007ffddc790000 - 0x00007ffddc83e000 	C:\Windows\System32\ADVAPI32.dll
0x00007ffdde1a0000 - 0x00007ffdde23e000 	C:\Windows\System32\msvcrt.dll
0x00007ffddc420000 - 0x00007ffddc4bc000 	C:\Windows\System32\sechost.dll
0x00007ffdddb40000 - 0x00007ffdddc65000 	C:\Windows\System32\RPCRT4.dll
0x00007ffddd150000 - 0x00007ffddd2f0000 	C:\Windows\System32\USER32.dll
0x00007ffddc340000 - 0x00007ffddc362000 	C:\Windows\System32\win32u.dll
0x00007ffddd7b0000 - 0x00007ffddd7da000 	C:\Windows\System32\GDI32.dll
0x00007ffddbc60000 - 0x00007ffddbd6b000 	C:\Windows\System32\gdi32full.dll
0x00007ffddba30000 - 0x00007ffddbacd000 	C:\Windows\System32\msvcp_win.dll
0x00007ffdcf370000 - 0x00007ffdcf60a000 	C:\Windows\WinSxS\amd64_microsoft.windows.common-controls_6595b64144ccf1df_6.0.19041.1110_none_60b5254171f9507e\COMCTL32.dll
0x00007ffdcb280000 - 0x00007ffdcb28a000 	C:\Windows\SYSTEM32\VERSION.dll
0x00007ffdde2a0000 - 0x00007ffdde2d0000 	C:\Windows\System32\IMM32.DLL
0x00007ffdd8c70000 - 0x00007ffdd8c7c000 	C:\Program Files\Java\jdk-18.0.1.1\bin\vcruntime140_1.dll
0x00007ffdd05a0000 - 0x00007ffdd062d000 	C:\Program Files\Java\jdk-18.0.1.1\bin\msvcp140.dll
0x00007ffdb4f30000 - 0x00007ffdb5b40000 	C:\Program Files\Java\jdk-18.0.1.1\bin\server\jvm.dll
0x00007ffddd0e0000 - 0x00007ffddd0e8000 	C:\Windows\System32\PSAPI.DLL
0x00007ffdcc490000 - 0x00007ffdcc4b7000 	C:\Windows\SYSTEM32\WINMM.dll
0x00007ffdd5950000 - 0x00007ffdd5959000 	C:\Windows\SYSTEM32\WSOCK32.dll
0x00007ffddd2f0000 - 0x00007ffddd35b000 	C:\Windows\System32\ws2_32.DLL
0x00007ffdda2c0000 - 0x00007ffdda2d2000 	C:\Windows\SYSTEM32\kernel.appcore.dll
0x00007ffdd6620000 - 0x00007ffdd662a000 	C:\Program Files\Java\jdk-18.0.1.1\bin\jimage.dll
0x00007ffdc9bd0000 - 0x00007ffdc9db4000 	C:\Windows\SYSTEM32\DBGHELP.DLL
0x00007ffdc9b60000 - 0x00007ffdc9b8c000 	C:\Windows\SYSTEM32\dbgcore.DLL
0x00007ffddbad0000 - 0x00007ffddbb52000 	C:\Windows\System32\bcryptPrimitives.dll
0x00007ffdd6110000 - 0x00007ffdd611e000 	C:\Program Files\Java\jdk-18.0.1.1\bin\instrument.dll
0x00007ffdd4730000 - 0x00007ffdd4755000 	C:\Program Files\Java\jdk-18.0.1.1\bin\java.dll
0x00007ffdbb730000 - 0x00007ffdbb806000 	C:\Program Files\Java\jdk-18.0.1.1\bin\jsvml.dll
0x00007ffddc8a0000 - 0x00007ffddcfe4000 	C:\Windows\System32\SHELL32.dll
0x00007ffdd9b10000 - 0x00007ffdda2a4000 	C:\Windows\SYSTEM32\windows.storage.dll
0x00007ffddd7e0000 - 0x00007ffdddb34000 	C:\Windows\System32\combase.dll
0x00007ffddb420000 - 0x00007ffddb44c000 	C:\Windows\SYSTEM32\Wldp.dll
0x00007ffddc370000 - 0x00007ffddc41d000 	C:\Windows\System32\SHCORE.dll
0x00007ffddc840000 - 0x00007ffddc895000 	C:\Windows\System32\shlwapi.dll
0x00007ffddb970000 - 0x00007ffddb98f000 	C:\Windows\SYSTEM32\profapi.dll
0x00007ffdd5960000 - 0x00007ffdd5978000 	C:\Program Files\Java\jdk-18.0.1.1\bin\zip.dll
0x00007ffdd57c0000 - 0x00007ffdd57d3000 	C:\Program Files\Java\jdk-18.0.1.1\bin\net.dll
0x00007ffdcd9a0000 - 0x00007ffdcdaaa000 	C:\Windows\SYSTEM32\WINHTTP.dll
0x00007ffddb180000 - 0x00007ffddb1ea000 	C:\Windows\system32\mswsock.dll
0x00007ffdd4700000 - 0x00007ffdd4716000 	C:\Program Files\Java\jdk-18.0.1.1\bin\nio.dll
0x00007ffdd4470000 - 0x00007ffdd448a000 	C:\Program Files\JetBrains\IntelliJ IDEA Community Edition 2022.1.2\bin\breakgen64.dll
0x00007ffdb75e0000 - 0x00007ffdb776f000 	C:\Program Files\Java\jdk-18.0.1.1\bin\awt.dll
0x00007ffddd6c0000 - 0x00007ffddd78d000 	C:\Windows\System32\OLEAUT32.dll
0x00007ffdd8b60000 - 0x00007ffdd8bf0000 	C:\Windows\SYSTEM32\apphelp.dll
0x00007ffdd91f0000 - 0x00007ffdd921f000 	C:\Windows\system32\DWMAPI.DLL
0x00007ffdd8e20000 - 0x00007ffdd8ebe000 	C:\Windows\system32\uxtheme.dll
0x00007ffdc5a70000 - 0x00007ffdc5b96000 	C:\Windows\system32\opengl32.dll
0x00007ffdca540000 - 0x00007ffdca56c000 	C:\Windows\SYSTEM32\GLU32.dll
0x00007ffddc4c0000 - 0x00007ffddc5d5000 	C:\Windows\System32\MSCTF.dll
0x00007ffddc5e0000 - 0x00007ffddc70a000 	C:\Windows\System32\ole32.dll
0x00007ffdc1270000 - 0x00007ffdc12f9000 	C:\Program Files\Java\jdk-18.0.1.1\bin\freetype.dll
0x00007ffdba820000 - 0x00007ffdba8c8000 	C:\Program Files\Java\jdk-18.0.1.1\bin\fontmanager.dll
0x00007ffdde0f0000 - 0x00007ffdde199000 	C:\Windows\System32\clbcatq.dll
0x00007ffdd5110000 - 0x00007ffdd52c4000 	C:\Windows\SYSTEM32\WindowsCodecs.dll
0x00007ffddbd70000 - 0x00007ffddbd97000 	C:\Windows\System32\bcrypt.dll
0x00007ffdc9f70000 - 0x00007ffdc9fae000 	C:\Windows\system32\dataexchange.dll
0x00007ffdd76f0000 - 0x00007ffdd7953000 	C:\Windows\system32\d3d11.dll
0x00007ffdd7f20000 - 0x00007ffdd8104000 	C:\Windows\system32\dcomp.dll
0x00007ffdda330000 - 0x00007ffdda423000 	C:\Windows\system32\dxgi.dll
0x00007ffdd53a0000 - 0x00007ffdd55a0000 	C:\Windows\system32\twinapi.appcore.dll
0x00007ffdd1b50000 - 0x00007ffdd1c49000 	C:\Windows\SYSTEM32\textinputframework.dll
0x00007ffdd8930000 - 0x00007ffdd8a22000 	C:\Windows\System32\CoreMessaging.dll
0x00007ffdd8490000 - 0x00007ffdd87ee000 	C:\Windows\System32\CoreUIComponents.dll
0x00007ffdd7130000 - 0x00007ffdd7284000 	C:\Windows\SYSTEM32\wintypes.dll
0x00007ffdda730000 - 0x00007ffdda763000 	C:\Windows\SYSTEM32\ntmarta.dll
0x00007ffdd4d50000 - 0x00007ffdd4e00000 	C:\Windows\WinSxS\amd64_microsoft.windows.common-controls_6595b64144ccf1df_5.82.19041.1110_none_792d1c772443f647\comctl32.dll
0x00007ffdd6fd0000 - 0x00007ffdd70c6000 	C:\Windows\SYSTEM32\PROPSYS.dll
0x00007ffdce170000 - 0x00007ffdce187000 	C:\Windows\system32\NetworkExplorer.dll
0x00007ffddbf00000 - 0x00007ffddbf4e000 	C:\Windows\System32\CFGMGR32.dll
0x00007ffdc8f00000 - 0x00007ffdc8f1f000 	C:\Windows\SYSTEM32\MPR.dll
0x00007ffdd4460000 - 0x00007ffdd446b000 	C:\Windows\System32\drprov.dll
0x00007ffddae50000 - 0x00007ffddaeaa000 	C:\Windows\System32\WINSTA.dll
0x00007ffdd0700000 - 0x00007ffdd0720000 	C:\Windows\System32\ntlanman.dll
0x00007ffdd06e0000 - 0x00007ffdd06fe000 	C:\Windows\System32\davclnt.dll
0x00007ffdd4410000 - 0x00007ffdd441d000 	C:\Windows\System32\DAVHLPR.dll
0x00007ffddabc0000 - 0x00007ffddabd9000 	C:\Windows\System32\wkscli.dll
0x00007ffdc3330000 - 0x00007ffdc3342000 	C:\Windows\SYSTEM32\cscapi.dll
0x00007ffddaf80000 - 0x00007ffddaf8c000 	C:\Windows\System32\netutils.dll
0x00007ffdc9590000 - 0x00007ffdc95e6000 	C:\Windows\System32\dlnashext.dll
0x00007ffdc14d0000 - 0x00007ffdc1534000 	C:\Windows\System32\PlayToDevice.dll
0x00007ffdccb30000 - 0x00007ffdccb50000 	C:\Windows\System32\DevDispItemProvider.dll
0x00007ffdd1710000 - 0x00007ffdd1795000 	C:\Windows\System32\MMDevApi.dll
0x00007ffddb770000 - 0x00007ffddb79c000 	C:\Windows\System32\DEVOBJ.dll
0x00007ffdb8130000 - 0x00007ffdb81d1000 	C:\Windows\system32\wpdshext.dll
0x00007ffdb7970000 - 0x00007ffdb7b15000 	C:\Windows\WinSxS\amd64_microsoft.windows.gdiplus_6595b64144ccf1df_1.1.19041.1706_none_919e8e54cc8d4ca1\gdiplus.dll
0x00007ffdbbad0000 - 0x00007ffdbbb73000 	C:\Windows\System32\PortableDeviceApi.dll
0x00007ffdddc70000 - 0x00007ffdde0df000 	C:\Windows\System32\SETUPAPI.dll
0x00007ffddbf50000 - 0x00007ffddbfb7000 	C:\Windows\System32\WINTRUST.dll
0x00007ffddbda0000 - 0x00007ffddbef6000 	C:\Windows\System32\CRYPT32.dll
0x00007ffddb5b0000 - 0x00007ffddb5c2000 	C:\Windows\System32\MSASN1.dll
0x00007ffdc8850000 - 0x00007ffdc8887000 	C:\Windows\System32\EhStorShell.dll
0x00007ffdd0570000 - 0x00007ffdd0596000 	C:\Windows\System32\EhStorAPI.dll
0x00007ffdd9aa0000 - 0x00007ffdd9ab4000 	C:\Windows\System32\WTSAPI32.dll
0x00007ffdc8d80000 - 0x00007ffdc8ec6000 	C:\Windows\System32\Windows.StateRepositoryPS.dll
0x00007ffdd55a0000 - 0x00007ffdd55ad000 	C:\Windows\SYSTEM32\LINKINFO.dll
0x00007ffdcc290000 - 0x00007ffdcc33c000 	C:\Windows\SYSTEM32\TextShaping.dll

dbghelp: loaded successfully - version: 4.0.5 - missing functions: none
symbol engine: initialized successfully - sym options: 0x614 - pdb path: .;C:\Program Files\Java\jdk-18.0.1.1\bin;C:\Windows\SYSTEM32;C:\Windows\WinSxS\amd64_microsoft.windows.common-controls_6595b64144ccf1df_6.0.19041.1110_none_60b5254171f9507e;C:\Program Files\Java\jdk-18.0.1.1\bin\server;C:\Program Files\JetBrains\IntelliJ IDEA Community Edition 2022.1.2\bin;C:\Windows\WinSxS\amd64_microsoft.windows.common-controls_6595b64144ccf1df_5.82.19041.1110_none_792d1c772443f647;C:\Windows\WinSxS\amd64_microsoft.windows.gdiplus_6595b64144ccf1df_1.1.19041.1706_none_919e8e54cc8d4ca1

VM Arguments:
jvm_args: -javaagent:C:\Program Files\JetBrains\IntelliJ IDEA Community Edition 2022.1.2\lib\idea_rt.jar=59635:C:\Program Files\JetBrains\IntelliJ IDEA Community Edition 2022.1.2\bin -Dfile.encoding=UTF-8 
java_command: SalesInvoiceGenerator.SIG
java_class_path (initial): C:\Users\Bola\IdeaProjects\Sales Invoice Generator\out\production\Sales Invoice Generator
Launcher Type: SUN_STANDARD

[Global flags]
     intx CICompilerCount                          = 3                                         {product} {ergonomic}
   size_t InitialHeapSize                          = 29360128                                  {product} {ergonomic}
   size_t MaxHeapSize                              = 448790528                                 {product} {ergonomic}
   size_t MaxNewSize                               = 149553152                                 {product} {ergonomic}
   size_t MinHeapDeltaBytes                        = 196608                                    {product} {ergonomic}
   size_t MinHeapSize                              = 8388608                                   {product} {ergonomic}
   size_t NewSize                                  = 9764864                                   {product} {ergonomic}
    uintx NonNMethodCodeHeapSize                   = 5832780                                {pd product} {ergonomic}
    uintx NonProfiledCodeHeapSize                  = 122912730                              {pd product} {ergonomic}
   size_t OldSize                                  = 19595264                                  {product} {ergonomic}
    uintx ProfiledCodeHeapSize                     = 122912730                              {pd product} {ergonomic}
    uintx ReservedCodeCacheSize                    = 251658240                              {pd product} {ergonomic}
     bool SegmentedCodeCache                       = true                                      {product} {ergonomic}
   size_t SoftMaxHeapSize                          = 448790528                              {manageable} {ergonomic}
     bool UseCompressedClassPointers               = true                           {product lp64_product} {ergonomic}
     bool UseCompressedOops                        = true                           {product lp64_product} {ergonomic}
     bool UseLargePagesIndividualAllocation        = false                                  {pd product} {ergonomic}
     bool UseSerialGC                              = true                                      {product} {ergonomic}

Logging:
Log output configuration:
 #0: stdout all=warning uptime,level,tags foldmultilines=false
 #1: stderr all=off uptime,level,tags foldmultilines=false

Environment Variables:
PATH=C:\Program Files\Common Files\Oracle\Java\javapath;C:\Windows\system32;C:\Windows;C:\Windows\System32\Wbem;C:\Windows\System32\WindowsPowerShell\v1.0\;C:\Windows\System32\OpenSSH\;C:\Program Files\Git\cmd;C:\Users\Bola\AppData\Local\Microsoft\WindowsApps;
USERNAME=Bola
OS=Windows_NT
PROCESSOR_IDENTIFIER=Intel64 Family 6 Model 58 Stepping 9, GenuineIntel



---------------  S Y S T E M  ---------------

OS:
 Windows 10 , 64 bit Build 19041 (10.0.19041.1741)
OS uptime: 2 days 13:06 hours

CPU: total 4 (initial active 4) (2 cores per cpu, 2 threads per core) family 6 model 58 stepping 9 microcode 0x21, cx8, cmov, fxsr, ht, mmx, sse, sse2, sse3, ssse3, sse4.1, sse4.2, popcnt, tsc, tscinvbit, avx, aes, erms, clmul, vzeroupper, clflush

Memory: 4k page, system-wide physical 1709M (265M free)
TotalPageFile size 4709M (AvailPageFile size 10M)
current process WorkingSet (physical memory assigned to process): 62M, peak: 62M
current process commit charge ("private bytes"): 76M, peak: 79M

vm_info: Java HotSpot(TM) 64-Bit Server VM (18.0.1.1+2-6) for windows-amd64 JRE (18.0.1.1+2-6), built on Apr 25 2022 21:53:15 by "mach5one" with MS VC++ 16.8 / 16.9 (VS2019)

END.
